<?xml version="1.0" encoding="UTF-8"?>
<testsuite xmlns:xsi="http://www.w3.org/2001/XMLSchema-instance" xsi:noNamespaceSchemaLocation="https://maven.apache.org/surefire/maven-surefire-plugin/xsd/surefire-test-report.xsd" version="3.0.2" name="com.example.securingweb.SecuringWebApplicationTests" time="7.763" tests="5" errors="0" skipped="0" failures="1">
  <properties>
[...]
</properties>
  <testcase name="accessUnsecuredResourceThenOk" classname="com.example.securingweb.SecuringWebApplicationTests" time="0.943">
    <system-out><![CDATA[14:31:41.434 [main] INFO org.springframework.test.context.support.AnnotationConfigContextLoaderUtils -- Could not detect default configuration classes for test class [com.example.securingweb.SecuringWebApplicationTests]: SecuringWebApplicationTests does not declare any static, non-private, non-final, nested classes annotated with @Configuration.
14:31:41.640 [main] INFO org.springframework.boot.test.context.SpringBootTestContextBootstrapper -- Found @SpringBootConfiguration com.example.securingweb.SecuringWebApplication for test class com.example.securingweb.SecuringWebApplicationTests

  .   ____          _            __ _ _
 /\\ / ___'_ __ _ _(_)_ __  __ _ \ \ \ \
( ( )\___ | '_ | '_| | '_ \/ _` | \ \ \ \
 \\/  ___)| |_)| | | | | || (_| |  ) ) ) )
  '  |____| .__|_| |_|_| |_\__, | / / / /
 =========|_|==============|___/=/_/_/_/

 :: Spring Boot ::                (v3.4.2)

2025-02-25T14:31:42.246+07:00  INFO 11208 --- [securing-web] [           main] c.e.s.SecuringWebApplicationTests        : Starting SecuringWebApplicationTests using Java 17.0.9 with PID 11208 (started by nka15 in C:\Users\nka15\OneDrive\Máy tính\vscode\2425II_INT3236E_1 Application Development for Enterprise\Tuan4)
2025-02-25T14:31:42.248+07:00  INFO 11208 --- [securing-web] [           main] c.e.s.SecuringWebApplicationTests        : No active profile set, falling back to 1 default profile: "default"
2025-02-25T14:31:43.165+07:00  INFO 11208 --- [securing-web] [           main] .s.d.r.c.RepositoryConfigurationDelegate : Bootstrapping Spring Data JPA repositories in DEFAULT mode.
2025-02-25T14:31:43.199+07:00  INFO 11208 --- [securing-web] [           main] .s.d.r.c.RepositoryConfigurationDelegate : Finished Spring Data repository scanning in 18 ms. Found 0 JPA repository interfaces.
2025-02-25T14:31:43.982+07:00  INFO 11208 --- [securing-web] [           main] o.hibernate.jpa.internal.util.LogHelper  : HHH000204: Processing PersistenceUnitInfo [name: default]
2025-02-25T14:31:44.100+07:00  INFO 11208 --- [securing-web] [           main] org.hibernate.Version                    : HHH000412: Hibernate ORM core version 6.6.5.Final
2025-02-25T14:31:44.159+07:00  INFO 11208 --- [securing-web] [           main] o.h.c.internal.RegionFactoryInitiator    : HHH000026: Second-level cache disabled
2025-02-25T14:31:44.765+07:00  INFO 11208 --- [securing-web] [           main] o.s.o.j.p.SpringPersistenceUnitInfo      : No LoadTimeWeaver setup: ignoring JPA class transformer
2025-02-25T14:31:44.827+07:00  INFO 11208 --- [securing-web] [           main] com.zaxxer.hikari.HikariDataSource       : HikariPool-1 - Starting...
2025-02-25T14:31:45.198+07:00  INFO 11208 --- [securing-web] [           main] com.zaxxer.hikari.pool.HikariPool        : HikariPool-1 - Added connection com.mysql.cj.jdbc.ConnectionImpl@22aee519
2025-02-25T14:31:45.205+07:00  INFO 11208 --- [securing-web] [           main] com.zaxxer.hikari.HikariDataSource       : HikariPool-1 - Start completed.
2025-02-25T14:31:45.346+07:00  WARN 11208 --- [securing-web] [           main] org.hibernate.dialect.Dialect            : HHH000511: The 5.5.5 version for [org.hibernate.dialect.MySQLDialect] is no longer supported, hence certain features may not work properly. The minimum supported version is 8.0.0. Check the community dialects project for available legacy versions.
2025-02-25T14:31:45.402+07:00  INFO 11208 --- [securing-web] [           main] org.hibernate.orm.connections.pooling    : HHH10001005: Database info:
	Database JDBC URL [Connecting through datasource 'HikariDataSource (HikariPool-1)']
	Database driver: undefined/unknown
	Database version: 5.5.5
	Autocommit mode: undefined/unknown
	Isolation level: undefined/unknown
	Minimum pool size: undefined/unknown
	Maximum pool size: undefined/unknown
2025-02-25T14:31:45.891+07:00  INFO 11208 --- [securing-web] [           main] o.h.e.t.j.p.i.JtaPlatformInitiator       : HHH000489: No JTA platform available (set 'hibernate.transaction.jta.platform' to enable JTA platform integration)
2025-02-25T14:31:45.898+07:00  INFO 11208 --- [securing-web] [           main] j.LocalContainerEntityManagerFactoryBean : Initialized JPA EntityManagerFactory for persistence unit 'default'
2025-02-25T14:31:45.974+07:00  WARN 11208 --- [securing-web] [           main] JpaBaseConfiguration$JpaWebConfiguration : spring.jpa.open-in-view is enabled by default. Therefore, database queries may be performed during view rendering. Explicitly configure spring.jpa.open-in-view to disable this warning
2025-02-25T14:31:46.015+07:00  WARN 11208 --- [securing-web] [           main] o.s.security.core.userdetails.User       : User.withDefaultPasswordEncoder() is considered unsafe for production and is only intended for sample applications.
2025-02-25T14:31:46.167+07:00  INFO 11208 --- [securing-web] [           main] r$InitializeUserDetailsManagerConfigurer : Global AuthenticationManager configured with UserDetailsService bean with name userDetailsService
2025-02-25T14:31:47.712+07:00  INFO 11208 --- [securing-web] [           main] o.s.b.t.m.w.SpringBootMockServletContext : Initializing Spring TestDispatcherServlet ''
2025-02-25T14:31:47.713+07:00  INFO 11208 --- [securing-web] [           main] o.s.t.web.servlet.TestDispatcherServlet  : Initializing Servlet ''
2025-02-25T14:31:47.716+07:00  INFO 11208 --- [securing-web] [           main] o.s.t.web.servlet.TestDispatcherServlet  : Completed initialization in 2 ms
2025-02-25T14:31:47.765+07:00  INFO 11208 --- [securing-web] [           main] c.e.s.SecuringWebApplicationTests        : Started SecuringWebApplicationTests in 5.891 seconds (process running for 7.292)
]]></system-out>
  </testcase>
  <testcase name="accessSecuredResourceUnauthenticatedThenRedirectsToLogin" classname="com.example.securingweb.SecuringWebApplicationTests" time="0.015"/>
  <testcase name="loginWithInvalidUserThenUnauthenticated" classname="com.example.securingweb.SecuringWebApplicationTests" time="0.134"/>
  <testcase name="loginWithValidUserThenAuthenticated" classname="com.example.securingweb.SecuringWebApplicationTests" time="0.065"/>
  <testcase name="accessSecuredResourceAuthenticatedThenOk" classname="com.example.securingweb.SecuringWebApplicationTests" time="0.016">
    <failure message="Status expected:&lt;200&gt; but was:&lt;403&gt;" type="java.lang.AssertionError"><![CDATA[java.lang.AssertionError: Status expected:<200> but was:<403>
	at org.springframework.test.util.AssertionErrors.fail(AssertionErrors.java:61)
	at org.springframework.test.util.AssertionErrors.assertEquals(AssertionErrors.java:128)
	at org.springframework.test.web.servlet.result.StatusResultMatchers.lambda$matcher$9(StatusResultMatchers.java:640)
	at org.springframework.test.web.servlet.MockMvc$1.andExpect(MockMvc.java:214)
	at com.example.securingweb.SecuringWebApplicationTests.accessSecuredResourceAuthenticatedThenOk(SecuringWebApplicationTests.java:64)
	at java.base/java.lang.reflect.Method.invoke(Method.java:568)
	at java.base/java.util.ArrayList.forEach(ArrayList.java:1511)
	at java.base/java.util.ArrayList.forEach(ArrayList.java:1511)
]]></failure>
    <system-out><![CDATA[
MockHttpServletRequest:
      HTTP Method = GET
      Request URI = /hello
       Parameters = {}
          Headers = []
             Body = null
    Session Attrs = {SPRING_SECURITY_CONTEXT=SecurityContextImpl [Authentication=UsernamePasswordAuthenticationToken [Principal=org.springframework.security.core.userdetails.User [Username=user, Password=[PROTECTED], Enabled=true, AccountNonExpired=true, CredentialsNonExpired=true, AccountNonLocked=true, Granted Authorities=[ROLE_USER]], Credentials=[PROTECTED], Authenticated=true, Details=null, Granted Authorities=[ROLE_USER]]]}

Handler:
             Type = null

Async:
    Async started = false
     Async result = null

Resolved Exception:
             Type = null

ModelAndView:
        View name = null
             View = null
            Model = null

FlashMap:
       Attributes = null

MockHttpServletResponse:
           Status = 403
    Error message = Forbidden
          Headers = [X-Content-Type-Options:"nosniff", X-XSS-Protection:"0", Cache-Control:"no-cache, no-store, max-age=0, must-revalidate", Pragma:"no-cache", Expires:"0", X-Frame-Options:"DENY"]
     Content type = null
             Body = 
    Forwarded URL = null
   Redirected URL = null
          Cookies = []
]]></system-out>
  </testcase>
</testsuite>